
Showing logs for build [32mcb-kubecd-environment-pr-211-11-c57ll-1[0m stage [32mfrom-build-pack[0m and container [32mstep-credential-initializer-8sz44[0m
{"level":"info","ts":1588173120.0548365,"logger":"fallback-logger","caller":"logging/config.go:69","msg":"Fetch GitHub commit ID from kodata failed: open /var/run/ko/refs/heads/0.8.0-ns-support: no such file or directory"}
{"level":"info","ts":1588173120.0555112,"logger":"fallback-logger","caller":"creds-init/main.go:40","msg":"Credentials initialized."}

Showing logs for build [32mcb-kubecd-environment-pr-211-11-c57ll-1[0m stage [32mfrom-build-pack[0m and container [32mstep-working-dir-initializer-pjkmd[0m
{"level":"info","ts":1588173121.147691,"logger":"fallback-logger","caller":"logging/config.go:69","msg":"Fetch GitHub commit ID from kodata failed: open /var/run/ko/HEAD: no such file or directory"}
{"level":"info","ts":1588173121.1490846,"logger":"fallback-logger","caller":"bash/main.go:64","msg":"Successfully executed command \"sh -c mkdir -p /workspace/source\"; output "}

Showing logs for build [32mcb-kubecd-environment-pr-211-11-c57ll-1[0m stage [32mfrom-build-pack[0m and container [32mstep-place-tools[0m

Showing logs for build [32mcb-kubecd-environment-pr-211-11-c57ll-1[0m stage [32mfrom-build-pack[0m and container [32mstep-git-source-cb-kubecd-environment-pr-211-11-c57ll-vvlq6[0m
{"level":"info","ts":1588173126.3087995,"logger":"fallback-logger","caller":"logging/config.go:69","msg":"Fetch GitHub commit ID from kodata failed: open /var/run/ko/refs/heads/0.8.0-ns-support: no such file or directory"}
{"level":"info","ts":1588173127.3691773,"logger":"fallback-logger","caller":"git/git.go:103","msg":"Successfully cloned https://github.com/cb-kubecd/environment-pr-211-11-boot-gke-staging.git @ master in path /workspace/source"}

Showing logs for build [32mcb-kubecd-environment-pr-211-11-c57ll-1[0m stage [32mfrom-build-pack[0m and container [32mstep-git-merge[0m
Using SHAs from PULL_REFS=master:d79c01ccf7f698615ba4efc3f993f8e4e3340d27,4:67df6a0a19e1d7541158fda6ca97786f794746f8
DEBUG: LC_ALL=C JX_LOG_LEVEL=error git fetch origin --unshallow 67df6a0a19e1d7541158fda6ca97786f794746f8: d79c01ccf7f698615ba4efc3f993f8e4e3340d27:
DEBUG: ran git fetch --unshallow origin 67df6a0a19e1d7541158fda6ca97786f794746f8: d79c01ccf7f698615ba4efc3f993f8e4e3340d27: in 
DEBUG: LC_ALL=C JX_LOG_LEVEL=error git branch
DEBUG: LC_ALL=C JX_LOG_LEVEL=error git checkout master
DEBUG: ran git checkout master in 
DEBUG: LC_ALL=C JX_LOG_LEVEL=error git reset --hard d79c01ccf7f698615ba4efc3f993f8e4e3340d27
DEBUG: ran git reset --hard d79c01ccf7f698615ba4efc3f993f8e4e3340d27 in 
DEBUG: LC_ALL=C JX_LOG_LEVEL=error git clean -fd .
DEBUG: ran clean --force -d . in 
DEBUG: LC_ALL=C JX_LOG_LEVEL=error git merge 67df6a0a19e1d7541158fda6ca97786f794746f8
DEBUG: ran git merge 67df6a0a19e1d7541158fda6ca97786f794746f8 in 
DEBUG: LC_ALL=C JX_LOG_LEVEL=error git log --format=%H%x1f%an%x1f%ae%x1f%cn%x1f%ce%x1f%s%n%b%x1e d79c01ccf7f698615ba4efc3f993f8e4e3340d27..HEAD
Merged SHA 67df6a0a19e1d7541158fda6ca97786f794746f8 with commit message 'chore: Promote bdd-sbhg-1588171421 to version 0.0.1' into base branch master

Showing logs for build [32mcb-kubecd-environment-pr-211-11-c57ll-1[0m stage [32mfrom-build-pack[0m and container [32mstep-build-helm-build[0m
WARNING: No $CHART_REPOSITORY defined so using the default value of: http://jenkins-x-chartmuseum:8080
Adding missing Helm repo: storage.googleapis.com https://storage.googleapis.com/chartmuseum.jenkins-x.io
WARNING: No secrets found on "helm/repos" due: reading the secret "helm/repos" from vault: no secret "helm/repos" not found in vault
Read credentials for https://storage.googleapis.com/chartmuseum.jenkins-x.io from vault helm/repos
Successfully added Helm repository storage.googleapis.com.
Adding missing Helm repo: jenkins-x-chartmuseum http://jenkins-x-chartmuseum:8080
WARNING: No secrets found on "helm/repos" due: reading the secret "helm/repos" from vault: no secret "helm/repos" not found in vault
Read credentials for http://jenkins-x-chartmuseum:8080 from vault helm/repos
Successfully added Helm repository jenkins-x-chartmuseum.
WARNING: No $CHART_REPOSITORY defined so using the default value of: http://jenkins-x-chartmuseum:8080
Adding missing Helm repo: chartmuseum.jenkins-x.io http://chartmuseum.jenkins-x.io
WARNING: No secrets found on "helm/repos" due: reading the secret "helm/repos" from vault: no secret "helm/repos" not found in vault
Read credentials for http://chartmuseum.jenkins-x.io from vault helm/repos
Successfully added Helm repository chartmuseum.jenkins-x.io.
