
Showing logs for build [32mcb-kubecd-environment-pr-211-11-wz8mh-1[0m stage [32mfrom-build-pack[0m and container [32mstep-credential-initializer-knwfc[0m
{"level":"info","ts":1588174807.5671544,"logger":"fallback-logger","caller":"logging/config.go:69","msg":"Fetch GitHub commit ID from kodata failed: open /var/run/ko/refs/heads/0.8.0-ns-support: no such file or directory"}
{"level":"info","ts":1588174807.5678766,"logger":"fallback-logger","caller":"creds-init/main.go:40","msg":"Credentials initialized."}

Showing logs for build [32mcb-kubecd-environment-pr-211-11-wz8mh-1[0m stage [32mfrom-build-pack[0m and container [32mstep-working-dir-initializer-c9c6x[0m
{"level":"info","ts":1588174808.7284088,"logger":"fallback-logger","caller":"logging/config.go:69","msg":"Fetch GitHub commit ID from kodata failed: open /var/run/ko/HEAD: no such file or directory"}
{"level":"info","ts":1588174808.7341366,"logger":"fallback-logger","caller":"bash/main.go:64","msg":"Successfully executed command \"sh -c mkdir -p /workspace/source\"; output "}

Showing logs for build [32mcb-kubecd-environment-pr-211-11-wz8mh-1[0m stage [32mfrom-build-pack[0m and container [32mstep-place-tools[0m

Showing logs for build [32mcb-kubecd-environment-pr-211-11-wz8mh-1[0m stage [32mfrom-build-pack[0m and container [32mstep-git-source-cb-kubecd-environment-pr-211-11-wz8mh-8lm8m[0m
{"level":"info","ts":1588174812.9416552,"logger":"fallback-logger","caller":"logging/config.go:69","msg":"Fetch GitHub commit ID from kodata failed: open /var/run/ko/refs/heads/0.8.0-ns-support: no such file or directory"}
{"level":"info","ts":1588174813.999811,"logger":"fallback-logger","caller":"git/git.go:103","msg":"Successfully cloned https://github.com/cb-kubecd/environment-pr-211-11-boot-gke-staging.git @ master in path /workspace/source"}

Showing logs for build [32mcb-kubecd-environment-pr-211-11-wz8mh-1[0m stage [32mfrom-build-pack[0m and container [32mstep-git-merge[0m
Using SHAs from PULL_REFS=master:f21fced10808f2c93b89e4da1bdfd1b715f49c52,6:8c2141c1ff08f8839d824d062195a4addaada42a
DEBUG: LC_ALL=C JX_LOG_LEVEL=error git fetch origin --unshallow 8c2141c1ff08f8839d824d062195a4addaada42a: f21fced10808f2c93b89e4da1bdfd1b715f49c52:
DEBUG: ran git fetch --unshallow origin 8c2141c1ff08f8839d824d062195a4addaada42a: f21fced10808f2c93b89e4da1bdfd1b715f49c52: in 
DEBUG: JX_LOG_LEVEL=error LC_ALL=C git branch
DEBUG: LC_ALL=C JX_LOG_LEVEL=error git checkout master
DEBUG: ran git checkout master in 
DEBUG: LC_ALL=C JX_LOG_LEVEL=error git reset --hard f21fced10808f2c93b89e4da1bdfd1b715f49c52
DEBUG: ran git reset --hard f21fced10808f2c93b89e4da1bdfd1b715f49c52 in 
DEBUG: LC_ALL=C JX_LOG_LEVEL=error git clean -fd .
DEBUG: ran clean --force -d . in 
DEBUG: LC_ALL=C JX_LOG_LEVEL=error git merge 8c2141c1ff08f8839d824d062195a4addaada42a
DEBUG: ran git merge 8c2141c1ff08f8839d824d062195a4addaada42a in 
DEBUG: LC_ALL=C JX_LOG_LEVEL=error git log --format=%H%x1f%an%x1f%ae%x1f%cn%x1f%ce%x1f%s%n%b%x1e f21fced10808f2c93b89e4da1bdfd1b715f49c52..HEAD
Merged SHA 8c2141c1ff08f8839d824d062195a4addaada42a with commit message 'chore: Promote bdd-ghf**y-import-1588173864 to version 0.0.1' into base branch master

Showing logs for build [32mcb-kubecd-environment-pr-211-11-wz8mh-1[0m stage [32mfrom-build-pack[0m and container [32mstep-build-helm-build[0m
WARNING: No $CHART_REPOSITORY defined so using the default value of: http://jenkins-x-chartmuseum:8080
Adding missing Helm repo: storage.googleapis.com https://storage.googleapis.com/chartmuseum.jenkins-x.io
WARNING: No secrets found on "helm/repos" due: reading the secret "helm/repos" from vault: no secret "helm/repos" not found in vault
Read credentials for https://storage.googleapis.com/chartmuseum.jenkins-x.io from vault helm/repos
Successfully added Helm repository storage.googleapis.com.
Adding missing Helm repo: jenkins-x-chartmuseum http://jenkins-x-chartmuseum:8080
WARNING: No secrets found on "helm/repos" due: reading the secret "helm/repos" from vault: no secret "helm/repos" not found in vault
Read credentials for http://jenkins-x-chartmuseum:8080 from vault helm/repos
Successfully added Helm repository jenkins-x-chartmuseum.
WARNING: No $CHART_REPOSITORY defined so using the default value of: http://jenkins-x-chartmuseum:8080
Adding missing Helm repo: chartmuseum.jenkins-x.io http://chartmuseum.jenkins-x.io
WARNING: No secrets found on "helm/repos" due: reading the secret "helm/repos" from vault: no secret "helm/repos" not found in vault
Read credentials for http://chartmuseum.jenkins-x.io from vault helm/repos
Successfully added Helm repository chartmuseum.jenkins-x.io.
