
Showing logs for build [32mcb-kubecd-environment-pr-211-11-xps5k-1[0m stage [32mfrom-build-pack[0m and container [32mstep-credential-initializer-g9pld[0m
{"level":"info","ts":1588174261.299166,"logger":"fallback-logger","caller":"logging/config.go:69","msg":"Fetch GitHub commit ID from kodata failed: open /var/run/ko/refs/heads/0.8.0-ns-support: no such file or directory"}
{"level":"info","ts":1588174261.3009114,"logger":"fallback-logger","caller":"creds-init/main.go:40","msg":"Credentials initialized."}

Showing logs for build [32mcb-kubecd-environment-pr-211-11-xps5k-1[0m stage [32mfrom-build-pack[0m and container [32mstep-working-dir-initializer-s6s4q[0m
{"level":"info","ts":1588174262.3561769,"logger":"fallback-logger","caller":"logging/config.go:69","msg":"Fetch GitHub commit ID from kodata failed: open /var/run/ko/HEAD: no such file or directory"}
{"level":"info","ts":1588174262.3600554,"logger":"fallback-logger","caller":"bash/main.go:64","msg":"Successfully executed command \"sh -c mkdir -p /workspace/source\"; output "}

Showing logs for build [32mcb-kubecd-environment-pr-211-11-xps5k-1[0m stage [32mfrom-build-pack[0m and container [32mstep-place-tools[0m

Showing logs for build [32mcb-kubecd-environment-pr-211-11-xps5k-1[0m stage [32mfrom-build-pack[0m and container [32mstep-git-source-cb-kubecd-environment-pr-211-11-xps5k-7g2xt[0m
{"level":"info","ts":1588174268.5628738,"logger":"fallback-logger","caller":"logging/config.go:69","msg":"Fetch GitHub commit ID from kodata failed: open /var/run/ko/refs/heads/0.8.0-ns-support: no such file or directory"}
{"level":"info","ts":1588174269.644133,"logger":"fallback-logger","caller":"git/git.go:103","msg":"Successfully cloned https://github.com/cb-kubecd/environment-pr-211-11-boot-gke-staging.git @ master in path /workspace/source"}

Showing logs for build [32mcb-kubecd-environment-pr-211-11-xps5k-1[0m stage [32mfrom-build-pack[0m and container [32mstep-git-merge[0m
Using SHAs from PULL_REFS=master:08659a191a7d81ab2d40385df769c99b504d5dcc,5:c6884af25077526b51f4655b3551a1a282d2d4af
DEBUG: LC_ALL=C JX_LOG_LEVEL=error git fetch origin --unshallow c6884af25077526b51f4655b3551a1a282d2d4af: 08659a191a7d81ab2d40385df769c99b504d5dcc:
DEBUG: ran git fetch --unshallow origin c6884af25077526b51f4655b3551a1a282d2d4af: 08659a191a7d81ab2d40385df769c99b504d5dcc: in 
DEBUG: LC_ALL=C JX_LOG_LEVEL=error git branch
DEBUG: LC_ALL=C JX_LOG_LEVEL=error git checkout master
DEBUG: ran git checkout master in 
DEBUG: JX_LOG_LEVEL=error LC_ALL=C git reset --hard 08659a191a7d81ab2d40385df769c99b504d5dcc
DEBUG: ran git reset --hard 08659a191a7d81ab2d40385df769c99b504d5dcc in 
DEBUG: LC_ALL=C JX_LOG_LEVEL=error git clean -fd .
DEBUG: ran clean --force -d . in 
DEBUG: LC_ALL=C JX_LOG_LEVEL=error git merge c6884af25077526b51f4655b3551a1a282d2d4af
DEBUG: ran git merge c6884af25077526b51f4655b3551a1a282d2d4af in 
DEBUG: LC_ALL=C JX_LOG_LEVEL=error git log --format=%H%x1f%an%x1f%ae%x1f%cn%x1f%ce%x1f%s%n%b%x1e 08659a191a7d81ab2d40385df769c99b504d5dcc..HEAD
Merged SHA c6884af25077526b51f4655b3551a1a282d2d4af with commit message 'chore: Promote bdd-sbhg-import-1588173864 to version 0.0.1' into base branch master

Showing logs for build [32mcb-kubecd-environment-pr-211-11-xps5k-1[0m stage [32mfrom-build-pack[0m and container [32mstep-build-helm-build[0m
WARNING: No $CHART_REPOSITORY defined so using the default value of: http://jenkins-x-chartmuseum:8080
Adding missing Helm repo: storage.googleapis.com https://storage.googleapis.com/chartmuseum.jenkins-x.io
WARNING: No secrets found on "helm/repos" due: reading the secret "helm/repos" from vault: no secret "helm/repos" not found in vault
Read credentials for https://storage.googleapis.com/chartmuseum.jenkins-x.io from vault helm/repos
Successfully added Helm repository storage.googleapis.com.
Adding missing Helm repo: jenkins-x-chartmuseum http://jenkins-x-chartmuseum:8080
WARNING: No secrets found on "helm/repos" due: reading the secret "helm/repos" from vault: no secret "helm/repos" not found in vault
Read credentials for http://jenkins-x-chartmuseum:8080 from vault helm/repos
Successfully added Helm repository jenkins-x-chartmuseum.
WARNING: No $CHART_REPOSITORY defined so using the default value of: http://jenkins-x-chartmuseum:8080
Adding missing Helm repo: chartmuseum.jenkins-x.io http://chartmuseum.jenkins-x.io
WARNING: No secrets found on "helm/repos" due: reading the secret "helm/repos" from vault: no secret "helm/repos" not found in vault
Read credentials for http://chartmuseum.jenkins-x.io from vault helm/repos
Successfully added Helm repository chartmuseum.jenkins-x.io.
