
Showing logs for build [32mcb-kubecd-environment-pr-211-11-hvn9p-1[0m stage [32mfrom-build-pack[0m and container [32mstep-credential-initializer-kb4bh[0m
{"level":"info","ts":1588175302.8292615,"logger":"fallback-logger","caller":"logging/config.go:69","msg":"Fetch GitHub commit ID from kodata failed: open /var/run/ko/refs/heads/0.8.0-ns-support: no such file or directory"}
{"level":"info","ts":1588175302.830126,"logger":"fallback-logger","caller":"creds-init/main.go:40","msg":"Credentials initialized."}

Showing logs for build [32mcb-kubecd-environment-pr-211-11-hvn9p-1[0m stage [32mfrom-build-pack[0m and container [32mstep-working-dir-initializer-8cs8g[0m
{"level":"info","ts":1588175303.3197548,"logger":"fallback-logger","caller":"logging/config.go:69","msg":"Fetch GitHub commit ID from kodata failed: open /var/run/ko/HEAD: no such file or directory"}
{"level":"info","ts":1588175303.3226748,"logger":"fallback-logger","caller":"bash/main.go:64","msg":"Successfully executed command \"sh -c mkdir -p /workspace/source\"; output "}

Showing logs for build [32mcb-kubecd-environment-pr-211-11-hvn9p-1[0m stage [32mfrom-build-pack[0m and container [32mstep-place-tools[0m

Showing logs for build [32mcb-kubecd-environment-pr-211-11-hvn9p-1[0m stage [32mfrom-build-pack[0m and container [32mstep-git-source-cb-kubecd-environment-pr-211-11-hvn9p-x6s86[0m
{"level":"info","ts":1588175308.5993145,"logger":"fallback-logger","caller":"logging/config.go:69","msg":"Fetch GitHub commit ID from kodata failed: open /var/run/ko/refs/heads/0.8.0-ns-support: no such file or directory"}
{"level":"info","ts":1588175309.6817946,"logger":"fallback-logger","caller":"git/git.go:103","msg":"Successfully cloned https://github.com/cb-kubecd/environment-pr-211-11-boot-gke-staging.git @ master in path /workspace/source"}

Showing logs for build [32mcb-kubecd-environment-pr-211-11-hvn9p-1[0m stage [32mfrom-build-pack[0m and container [32mstep-git-merge[0m
Using SHAs from PULL_REFS=master:d94aae137fe6acd2e82fa783a53c2c16c842b128,7:5576f0b48638cd4f50f4950a24001940511d2f5f
DEBUG: LC_ALL=C JX_LOG_LEVEL=error git fetch origin --unshallow 5576f0b48638cd4f50f4950a24001940511d2f5f: d94aae137fe6acd2e82fa783a53c2c16c842b128:
DEBUG: ran git fetch --unshallow origin 5576f0b48638cd4f50f4950a24001940511d2f5f: d94aae137fe6acd2e82fa783a53c2c16c842b128: in 
DEBUG: LC_ALL=C JX_LOG_LEVEL=error git branch
DEBUG: LC_ALL=C JX_LOG_LEVEL=error git checkout master
DEBUG: ran git checkout master in 
DEBUG: LC_ALL=C JX_LOG_LEVEL=error git reset --hard d94aae137fe6acd2e82fa783a53c2c16c842b128
DEBUG: ran git reset --hard d94aae137fe6acd2e82fa783a53c2c16c842b128 in 
DEBUG: LC_ALL=C JX_LOG_LEVEL=error git clean -fd .
DEBUG: ran clean --force -d . in 
DEBUG: LC_ALL=C JX_LOG_LEVEL=error git merge 5576f0b48638cd4f50f4950a24001940511d2f5f
DEBUG: ran git merge 5576f0b48638cd4f50f4950a24001940511d2f5f in 
DEBUG: LC_ALL=C JX_LOG_LEVEL=error git log --format=%H%x1f%an%x1f%ae%x1f%cn%x1f%ce%x1f%s%n%b%x1e d94aae137fe6acd2e82fa783a53c2c16c842b128..HEAD
Merged SHA 5576f0b48638cd4f50f4950a24001940511d2f5f with commit message 'chore: Promote bdd-sbrp-import-1588173864 to version 0.0.1' into base branch master

Showing logs for build [32mcb-kubecd-environment-pr-211-11-hvn9p-1[0m stage [32mfrom-build-pack[0m and container [32mstep-build-helm-build[0m
WARNING: No $CHART_REPOSITORY defined so using the default value of: http://jenkins-x-chartmuseum:8080
Adding missing Helm repo: storage.googleapis.com https://storage.googleapis.com/chartmuseum.jenkins-x.io
WARNING: No secrets found on "helm/repos" due: reading the secret "helm/repos" from vault: no secret "helm/repos" not found in vault
Read credentials for https://storage.googleapis.com/chartmuseum.jenkins-x.io from vault helm/repos
Successfully added Helm repository storage.googleapis.com.
Adding missing Helm repo: jenkins-x-chartmuseum http://jenkins-x-chartmuseum:8080
WARNING: No secrets found on "helm/repos" due: reading the secret "helm/repos" from vault: no secret "helm/repos" not found in vault
Read credentials for http://jenkins-x-chartmuseum:8080 from vault helm/repos
Successfully added Helm repository jenkins-x-chartmuseum.
WARNING: No $CHART_REPOSITORY defined so using the default value of: http://jenkins-x-chartmuseum:8080
Adding missing Helm repo: chartmuseum.jenkins-x.io http://chartmuseum.jenkins-x.io
WARNING: No secrets found on "helm/repos" due: reading the secret "helm/repos" from vault: no secret "helm/repos" not found in vault
Read credentials for http://chartmuseum.jenkins-x.io from vault helm/repos
Successfully added Helm repository chartmuseum.jenkins-x.io.
