
Showing logs for build [32mcb-kubecd-environment-pr-211-11-8bdkn-1[0m stage [32mfrom-build-pack[0m and container [32mstep-credential-initializer-bt6pb[0m
{"level":"info","ts":1588172377.3194668,"logger":"fallback-logger","caller":"logging/config.go:69","msg":"Fetch GitHub commit ID from kodata failed: open /var/run/ko/refs/heads/0.8.0-ns-support: no such file or directory"}
{"level":"info","ts":1588172377.3259583,"logger":"fallback-logger","caller":"creds-init/main.go:40","msg":"Credentials initialized."}

Showing logs for build [32mcb-kubecd-environment-pr-211-11-8bdkn-1[0m stage [32mfrom-build-pack[0m and container [32mstep-working-dir-initializer-zfb8b[0m
{"level":"info","ts":1588172378.7292488,"logger":"fallback-logger","caller":"logging/config.go:69","msg":"Fetch GitHub commit ID from kodata failed: open /var/run/ko/HEAD: no such file or directory"}
{"level":"info","ts":1588172378.7323282,"logger":"fallback-logger","caller":"bash/main.go:64","msg":"Successfully executed command \"sh -c mkdir -p /workspace/source\"; output "}

Showing logs for build [32mcb-kubecd-environment-pr-211-11-8bdkn-1[0m stage [32mfrom-build-pack[0m and container [32mstep-place-tools[0m

Showing logs for build [32mcb-kubecd-environment-pr-211-11-8bdkn-1[0m stage [32mfrom-build-pack[0m and container [32mstep-git-source-cb-kubecd-environment-pr-211-11-8bdkn-qdbzq[0m
{"level":"info","ts":1588172381.8474984,"logger":"fallback-logger","caller":"logging/config.go:69","msg":"Fetch GitHub commit ID from kodata failed: open /var/run/ko/refs/heads/0.8.0-ns-support: no such file or directory"}
{"level":"info","ts":1588172382.9272773,"logger":"fallback-logger","caller":"git/git.go:103","msg":"Successfully cloned https://github.com/cb-kubecd/environment-pr-211-11-boot-gke-staging.git @ master in path /workspace/source"}

Showing logs for build [32mcb-kubecd-environment-pr-211-11-8bdkn-1[0m stage [32mfrom-build-pack[0m and container [32mstep-git-merge[0m
Using SHAs from PULL_REFS=master:073e725fba789dee5bf750e21fc3e2ccc317fc81,3:77ef609d6a5f45fd3211b7e3c3a0cdb789b3ba9c
DEBUG: LC_ALL=C JX_LOG_LEVEL=error git fetch origin --unshallow 77ef609d6a5f45fd3211b7e3c3a0cdb789b3ba9c: 073e725fba789dee5bf750e21fc3e2ccc317fc81:
DEBUG: ran git fetch --unshallow origin 77ef609d6a5f45fd3211b7e3c3a0cdb789b3ba9c: 073e725fba789dee5bf750e21fc3e2ccc317fc81: in 
DEBUG: LC_ALL=C JX_LOG_LEVEL=error git branch
DEBUG: LC_ALL=C JX_LOG_LEVEL=error git checkout master
DEBUG: ran git checkout master in 
DEBUG: LC_ALL=C JX_LOG_LEVEL=error git reset --hard 073e725fba789dee5bf750e21fc3e2ccc317fc81
DEBUG: ran git reset --hard 073e725fba789dee5bf750e21fc3e2ccc317fc81 in 
DEBUG: LC_ALL=C JX_LOG_LEVEL=error git clean -fd .
DEBUG: ran clean --force -d . in 
DEBUG: LC_ALL=C JX_LOG_LEVEL=error git merge 77ef609d6a5f45fd3211b7e3c3a0cdb789b3ba9c
DEBUG: ran git merge 77ef609d6a5f45fd3211b7e3c3a0cdb789b3ba9c in 
DEBUG: JX_LOG_LEVEL=error LC_ALL=C git log --format=%H%x1f%an%x1f%ae%x1f%cn%x1f%ce%x1f%s%n%b%x1e 073e725fba789dee5bf750e21fc3e2ccc317fc81..HEAD
Merged SHA 77ef609d6a5f45fd3211b7e3c3a0cdb789b3ba9c with commit message 'chore: Promote bdd-nh-1588171421 to version 0.0.1' into base branch master

Showing logs for build [32mcb-kubecd-environment-pr-211-11-8bdkn-1[0m stage [32mfrom-build-pack[0m and container [32mstep-build-helm-build[0m
WARNING: No $CHART_REPOSITORY defined so using the default value of: http://jenkins-x-chartmuseum:8080
Adding missing Helm repo: storage.googleapis.com https://storage.googleapis.com/chartmuseum.jenkins-x.io
WARNING: No secrets found on "helm/repos" due: reading the secret "helm/repos" from vault: no secret "helm/repos" not found in vault
Read credentials for https://storage.googleapis.com/chartmuseum.jenkins-x.io from vault helm/repos
Successfully added Helm repository storage.googleapis.com.
Adding missing Helm repo: jenkins-x-chartmuseum http://jenkins-x-chartmuseum:8080
WARNING: No secrets found on "helm/repos" due: reading the secret "helm/repos" from vault: no secret "helm/repos" not found in vault
Read credentials for http://jenkins-x-chartmuseum:8080 from vault helm/repos
Successfully added Helm repository jenkins-x-chartmuseum.
WARNING: No $CHART_REPOSITORY defined so using the default value of: http://jenkins-x-chartmuseum:8080
Adding missing Helm repo: chartmuseum.jenkins-x.io http://chartmuseum.jenkins-x.io
WARNING: No secrets found on "helm/repos" due: reading the secret "helm/repos" from vault: no secret "helm/repos" not found in vault
Read credentials for http://chartmuseum.jenkins-x.io from vault helm/repos
Successfully added Helm repository chartmuseum.jenkins-x.io.
